# JRE version: OpenJDK Runtime Environment (15.0.1+9) (build 15.0.1+9-18)
# Java VM: OpenJDK 64-Bit Server VM (15.0.1+9-18, mixed mode, tiered, compressed oops, g1 gc, linux-amd64)
GC Precious Log:
 CPUs: 4 total, 4 available
 Memory: 7762M
 Large Page Support: Disabled
 NUMA Support: Disabled
 Compressed Oops: Enabled (32-bit)
 Heap Region Size: 1M
 Heap Min Capacity: 8M
 Heap Initial Capacity: 122M
 Heap Max Capacity: 1942M
 Pre-touch: Disabled
 Parallel Workers: 4
 Concurrent Workers: 1
 Concurrent Refinement Workers: 4
 Periodic GC: Disabled
Heap:
 garbage-first heap   total 89088K, used 35281K [0x0000000086a00000, 0x0000000100000000)
  region size 1024K, 6 young (6144K), 4 survivors (4096K)
 Metaspace       used 73840K, capacity 74517K, committed 74800K, reserved 1114112K
  class space    used 9340K, capacity 9556K, committed 9600K, reserved 1048576K
GC Heap History (20 events):
Event: 12.817 GC heap before
{Heap before GC invocations=23 (full 0):
 garbage-first heap   total 61440K, used 50012K [0x0000000086a00000, 0x0000000100000000)
  region size 1024K, 35 young (35840K), 3 survivors (3072K)
 Metaspace       used 51336K, capacity 51787K, committed 52528K, reserved 1095680K
  class space    used 6357K, capacity 6502K, committed 6528K, reserved 1048576K
}
Event: 12.824 GC heap after
{Heap after GC invocations=24 (full 0):
 garbage-first heap   total 61440K, used 18978K [0x0000000086a00000, 0x0000000100000000)
  region size 1024K, 3 young (3072K), 3 survivors (3072K)
 Metaspace       used 51336K, capacity 51787K, committed 52528K, reserved 1095680K
  class space    used 6357K, capacity 6502K, committed 6528K, reserved 1048576K
}
Event: 13.305 GC heap before
{Heap before GC invocations=24 (full 0):
 garbage-first heap   total 61440K, used 51746K [0x0000000086a00000, 0x0000000100000000)
  region size 1024K, 35 young (35840K), 3 survivors (3072K)
 Metaspace       used 54517K, capacity 54935K, committed 55600K, reserved 1097728K
  class space    used 6869K, capacity 7016K, committed 7040K, reserved 1048576K
}
Event: 13.313 GC heap after
{Heap after GC invocations=25 (full 0):
 garbage-first heap   total 73728K, used 19776K [0x0000000086a00000, 0x0000000100000000)
  region size 1024K, 3 young (3072K), 3 survivors (3072K)
 Metaspace       used 54517K, capacity 54935K, committed 55600K, reserved 1097728K
  class space    used 6869K, capacity 7016K, committed 7040K, reserved 1048576K
}
Event: 14.058 GC heap before
{Heap before GC invocations=25 (full 0):
 garbage-first heap   total 73728K, used 60736K [0x0000000086a00000, 0x0000000100000000)
  region size 1024K, 43 young (44032K), 3 survivors (3072K)
 Metaspace       used 57432K, capacity 57886K, committed 58672K, reserved 1099776K
  class space    used 7293K, capacity 7442K, committed 7552K, reserved 1048576K
}
Event: 14.072 GC heap after
{Heap after GC invocations=26 (full 0):
 garbage-first heap   total 73728K, used 21800K [0x0000000086a00000, 0x0000000100000000)
  region size 1024K, 5 young (5120K), 5 survivors (5120K)
 Metaspace       used 57432K, capacity 57886K, committed 58672K, reserved 1099776K
  class space    used 7293K, capacity 7442K, committed 7552K, reserved 1048576K
}
Event: 14.354 GC heap before
{Heap before GC invocations=26 (full 0):
 garbage-first heap   total 73728K, used 38184K [0x0000000086a00000, 0x0000000100000000)
  region size 1024K, 22 young (22528K), 5 survivors (5120K)
 Metaspace       used 59191K, capacity 59661K, committed 60240K, reserved 1101824K
  class space    used 7514K, capacity 7670K, committed 7680K, reserved 1048576K
}
Event: 14.364 GC heap after
{Heap after GC invocations=27 (full 0):
 garbage-first heap   total 73728K, used 22140K [0x0000000086a00000, 0x0000000100000000)
  region size 1024K, 4 young (4096K), 4 survivors (4096K)
 Metaspace       used 59191K, capacity 59661K, committed 60240K, reserved 1101824K
  class space    used 7514K, capacity 7670K, committed 7680K, reserved 1048576K
}
Event: 14.945 GC heap before
{Heap before GC invocations=28 (full 0):
 garbage-first heap   total 73728K, used 56956K [0x0000000086a00000, 0x0000000100000000)
  region size 1024K, 38 young (38912K), 4 survivors (4096K)
 Metaspace       used 62033K, capacity 62537K, committed 63152K, reserved 1103872K
  class space    used 7903K, capacity 8067K, committed 8192K, reserved 1048576K
}
Event: 14.955 GC heap after
{Heap after GC invocations=29 (full 0):
 garbage-first heap   total 73728K, used 23616K [0x0000000086a00000, 0x0000000100000000)
  region size 1024K, 4 young (4096K), 4 survivors (4096K)
 Metaspace       used 62033K, capacity 62537K, committed 63152K, reserved 1103872K
  class space    used 7903K, capacity 8067K, committed 8192K, reserved 1048576K
}
Event: 16.238 GC heap before
{Heap before GC invocations=29 (full 0):
 garbage-first heap   total 73728K, used 57408K [0x0000000086a00000, 0x0000000100000000)
  region size 1024K, 38 young (38912K), 4 survivors (4096K)
 Metaspace       used 67693K, capacity 68200K, committed 68656K, reserved 1110016K
  class space    used 8607K, capacity 8815K, committed 8832K, reserved 1048576K
}
Event: 16.251 GC heap after
{Heap after GC invocations=30 (full 0):
 garbage-first heap   total 89088K, used 26065K [0x0000000086a00000, 0x0000000100000000)
  region size 1024K, 5 young (5120K), 5 survivors (5120K)
 Metaspace       used 67693K, capacity 68200K, committed 68656K, reserved 1110016K
  class space    used 8607K, capacity 8815K, committed 8832K, reserved 1048576K
}
Event: 18.423 GC heap before
{Heap before GC invocations=30 (full 0):
 garbage-first heap   total 89088K, used 70097K [0x0000000086a00000, 0x0000000100000000)
  region size 1024K, 48 young (49152K), 5 survivors (5120K)
 Metaspace       used 69020K, capacity 69617K, committed 70064K, reserved 1110016K
  class space    used 8727K, capacity 8929K, committed 8960K, reserved 1048576K
}
Event: 18.439 GC heap after
{Heap after GC invocations=31 (full 0):
 garbage-first heap   total 89088K, used 29591K [0x0000000086a00000, 0x0000000100000000)
  region size 1024K, 6 young (6144K), 6 survivors (6144K)
 Metaspace       used 69020K, capacity 69617K, committed 70064K, reserved 1110016K
  class space    used 8727K, capacity 8929K, committed 8960K, reserved 1048576K
}
Event: 19.673 GC heap before
{Heap before GC invocations=31 (full 0):
 garbage-first heap   total 89088K, used 70551K [0x0000000086a00000, 0x0000000100000000)
  region size 1024K, 46 young (47104K), 6 survivors (6144K)
 Metaspace       used 69433K, capacity 70085K, committed 70448K, reserved 1110016K
  class space    used 8787K, capacity 9007K, committed 9088K, reserved 1048576K
}
Event: 19.688 GC heap after
{Heap after GC invocations=32 (full 0):
 garbage-first heap   total 89088K, used 31713K [0x0000000086a00000, 0x0000000100000000)
  region size 1024K, 4 young (4096K), 4 survivors (4096K)
 Metaspace       used 69433K, capacity 70085K, committed 70448K, reserved 1110016K
  class space    used 8787K, capacity 9007K, committed 9088K, reserved 1048576K
}
Event: 39.658 GC heap before
{Heap before GC invocations=32 (full 0):
 garbage-first heap   total 89088K, used 70625K [0x0000000086a00000, 0x0000000100000000)
  region size 1024K, 42 young (43008K), 4 survivors (4096K)
 Metaspace       used 72698K, capacity 73308K, committed 73648K, reserved 1114112K
  class space    used 9198K, capacity 9415K, committed 9472K, reserved 1048576K
}
Event: 39.670 GC heap after
{Heap after GC invocations=33 (full 0):
 garbage-first heap   total 89088K, used 32973K [0x0000000086a00000, 0x0000000100000000)
  region size 1024K, 5 young (5120K), 5 survivors (5120K)
 Metaspace       used 72698K, capacity 73308K, committed 73648K, reserved 1114112K
  class space    used 9198K, capacity 9415K, committed 9472K, reserved 1048576K
}
Event: 209.914 GC heap before
{Heap before GC invocations=33 (full 0):
 garbage-first heap   total 89088K, used 69837K [0x0000000086a00000, 0x0000000100000000)
  region size 1024K, 42 young (43008K), 5 survivors (5120K)
 Metaspace       used 73814K, capacity 74487K, committed 74800K, reserved 1114112K
  class space    used 9335K, capacity 9549K, committed 9600K, reserved 1048576K
}
Event: 209.925 GC heap after
{Heap after GC invocations=34 (full 0):
 garbage-first heap   total 89088K, used 34257K [0x0000000086a00000, 0x0000000100000000)
  region size 1024K, 4 young (4096K), 4 survivors (4096K)
 Metaspace       used 73814K, capacity 74487K, committed 74800K, reserved 1114112K
  class space    used 9335K, capacity 9549K, committed 9600K, reserved 1048576K
}

